<![LOG[Unable to find C:\Users\Administrator\AppData\Roaming\Microsoft\Software Center\.cache\AvailableNotificationHistory.xml 	 (Microsoft.SoftwareCenter.Client.Data.FileSyncCache at LoadObject)]LOG]!><time="06:41:53.7870470" date="4-29-2022" component="SCClient" context="" type="0" thread="1" file="">
<![LOG[The user is not in presentation mode at notification process startup. 	 (Microsoft.SoftwareCenter.Client.Notification.SingleInstanceApplication at OnStartup)]LOG]!><time="06:41:53.8030043" date="4-29-2022" component="SCClient" context="" type="1" thread="1" file="">
<![LOG[Updating presentation mode information at Software\Microsoft\Sms\Mobile Client\PresentationMode\S-1-5-21-410463074-720337651-2647106337-500 	 (Microsoft.SoftwareCenter.Client.Notification.UtilityClass at UpdatePresentationModeRegistry)]LOG]!><time="06:41:53.8040016" date="4-29-2022" component="SCClient" context="" type="1" thread="1" file="">
<![LOG[Setting PresentationMode value to 0 	 (Microsoft.SoftwareCenter.Client.Notification.UtilityClass at UpdatePresentationModeRegistry)]LOG]!><time="06:41:53.8049991" date="4-29-2022" component="SCClient" context="" type="1" thread="1" file="">
<![LOG[Querying WMI and retrieving the current system state... 	 (Microsoft.SoftwareCenter.Client.Notification.SingleInstanceApplication at ResetNotificationState)]LOG]!><time="06:42:03.8162091" date="4-29-2022" component="SCClient" context="" type="1" thread="1" file="">
<![LOG[Retrieving application info for event type ProgramAvailable 	 (Microsoft.SoftwareCenter.Client.Data.WmiDataConnector at RetrieveNewApplicationInfo)]LOG]!><time="06:42:03.8172054" date="4-29-2022" component="SCClient" context="" type="0" thread="1" file="">
<![LOG[Getting all instances of CCM_Program 	 (Microsoft.SoftwareCenter.Client.Data.WmiDataConnector at GetAllApplicationsWithType)]LOG]!><time="06:42:03.8192002" date="4-29-2022" component="SCClient" context="" type="1" thread="1" file="">
<![LOG[Executing WMI query: Select * From CCM_Program 	 (Microsoft.SoftwareCenter.Client.Data.WmiConnectionManager at ExecuteQuery)]LOG]!><time="06:42:03.8201975" date="4-29-2022" component="SCClient" context="" type="0" thread="1" file="">
<![LOG[Retrieving application info for event type UpdateAvailable 	 (Microsoft.SoftwareCenter.Client.Data.WmiDataConnector at RetrieveNewApplicationInfo)]LOG]!><time="06:42:04.0069586" date="4-29-2022" component="SCClient" context="" type="0" thread="1" file="">
<![LOG[Getting all instances of CCM_SoftwareUpdate 	 (Microsoft.SoftwareCenter.Client.Data.WmiDataConnector at GetAllApplicationsWithType)]LOG]!><time="06:42:04.0069586" date="4-29-2022" component="SCClient" context="" type="1" thread="1" file="">
<![LOG[Executing WMI query: Select * From CCM_SoftwareUpdate 	 (Microsoft.SoftwareCenter.Client.Data.WmiConnectionManager at ExecuteQuery)]LOG]!><time="06:42:04.0069586" date="4-29-2022" component="SCClient" context="" type="0" thread="1" file="">
<![LOG[Retrieving application info for event type AppAvailable 	 (Microsoft.SoftwareCenter.Client.Data.WmiDataConnector at RetrieveNewApplicationInfo)]LOG]!><time="06:42:04.0264825" date="4-29-2022" component="SCClient" context="" type="0" thread="1" file="">
<![LOG[Getting all instances of CCM_Application 	 (Microsoft.SoftwareCenter.Client.Data.WmiDataConnector at GetAllApplicationsWithType)]LOG]!><time="06:42:04.0274817" date="4-29-2022" component="SCClient" context="" type="1" thread="1" file="">
<![LOG[Executing WMI query: Select * From CCM_Application WHERE EvaluationState != 2 AND UserUIExperience = TRUE 	 (Microsoft.SoftwareCenter.Client.Data.WmiConnectionManager at ExecuteQuery)]LOG]!><time="06:42:04.0274817" date="4-29-2022" component="SCClient" context="" type="0" thread="1" file="">
<![LOG[SCNotification found no pending reboots to raise notifications for. 	 (Microsoft.SoftwareCenter.Client.Notification.SingleInstanceApplication at SetRebootState)]LOG]!><time="06:42:04.0877592" date="4-29-2022" component="SCClient" context="" type="1" thread="1" file="">
<![LOG[SCNotification found no pending changes to raise notifications for. 	 (Microsoft.SoftwareCenter.Client.Notification.SingleInstanceApplication at SetRequiredAndOptionalNotificationState)]LOG]!><time="06:42:04.0927475" date="4-29-2022" component="SCClient" context="" type="1" thread="1" file="">
<![LOG[The notification process received a setting change notification 	 (Microsoft.SoftwareCenter.Client.Notification.SingleInstanceApplication at OnUserPreferenceChanged)]LOG]!><time="06:42:04.0947421" date="4-29-2022" component="SCClient" context="" type="1" thread="1" file="">
<![LOG[Exiting... 	 (Microsoft.SoftwareCenter.Client.Notification.SingleInstanceApplication at OnExit)]LOG]!><time="06:42:58.2614903" date="4-29-2022" component="SCClient" context="" type="1" thread="1" file="">
<![LOG[Unable to find C:\Users\Administrator\AppData\Roaming\Microsoft\Software Center\.cache\AvailableNotificationHistory.xml 	 (Microsoft.SoftwareCenter.Client.Data.FileSyncCache at LoadObject)]LOG]!><time="07:12:42.7824450" date="9-23-2022" component="SCClient" context="" type="0" thread="1" file="">
<![LOG[The user is not in presentation mode at notification process startup. 	 (Microsoft.SoftwareCenter.Client.Notification.SingleInstanceApplication at OnStartup)]LOG]!><time="07:12:42.7974050" date="9-23-2022" component="SCClient" context="" type="1" thread="1" file="">
<![LOG[Updating presentation mode information at Software\Microsoft\Sms\Mobile Client\PresentationMode\S-1-5-21-410463074-720337651-2647106337-500 	 (Microsoft.SoftwareCenter.Client.Notification.UtilityClass at UpdatePresentationModeRegistry)]LOG]!><time="07:12:42.7974050" date="9-23-2022" component="SCClient" context="" type="1" thread="1" file="">
<![LOG[Setting PresentationMode value to 0 	 (Microsoft.SoftwareCenter.Client.Notification.UtilityClass at UpdatePresentationModeRegistry)]LOG]!><time="07:12:42.7984022" date="9-23-2022" component="SCClient" context="" type="1" thread="1" file="">
<![LOG[Querying WMI and retrieving the current system state... 	 (Microsoft.SoftwareCenter.Client.Notification.SingleInstanceApplication at ResetNotificationState)]LOG]!><time="07:12:52.8090446" date="9-23-2022" component="SCClient" context="" type="1" thread="1" file="">
<![LOG[Retrieving application info for event type ProgramAvailable 	 (Microsoft.SoftwareCenter.Client.Data.WmiDataConnector at RetrieveNewApplicationInfo)]LOG]!><time="07:12:52.8100387" date="9-23-2022" component="SCClient" context="" type="0" thread="1" file="">
<![LOG[Getting all instances of CCM_Program 	 (Microsoft.SoftwareCenter.Client.Data.WmiDataConnector at GetAllApplicationsWithType)]LOG]!><time="07:12:52.8110368" date="9-23-2022" component="SCClient" context="" type="1" thread="1" file="">
<![LOG[Executing WMI query: Select * From CCM_Program 	 (Microsoft.SoftwareCenter.Client.Data.WmiConnectionManager at ExecuteQuery)]LOG]!><time="07:12:52.8120337" date="9-23-2022" component="SCClient" context="" type="0" thread="1" file="">
<![LOG[Retrieving application info for event type UpdateAvailable 	 (Microsoft.SoftwareCenter.Client.Data.WmiDataConnector at RetrieveNewApplicationInfo)]LOG]!><time="07:12:53.0971827" date="9-23-2022" component="SCClient" context="" type="0" thread="1" file="">
<![LOG[Getting all instances of CCM_SoftwareUpdate 	 (Microsoft.SoftwareCenter.Client.Data.WmiDataConnector at GetAllApplicationsWithType)]LOG]!><time="07:12:53.0971827" date="9-23-2022" component="SCClient" context="" type="1" thread="1" file="">
<![LOG[Executing WMI query: Select * From CCM_SoftwareUpdate 	 (Microsoft.SoftwareCenter.Client.Data.WmiConnectionManager at ExecuteQuery)]LOG]!><time="07:12:53.0971827" date="9-23-2022" component="SCClient" context="" type="0" thread="1" file="">
<![LOG[Retrieving application info for event type AppAvailable 	 (Microsoft.SoftwareCenter.Client.Data.WmiDataConnector at RetrieveNewApplicationInfo)]LOG]!><time="07:12:53.1150049" date="9-23-2022" component="SCClient" context="" type="0" thread="1" file="">
<![LOG[Getting all instances of CCM_Application 	 (Microsoft.SoftwareCenter.Client.Data.WmiDataConnector at GetAllApplicationsWithType)]LOG]!><time="07:12:53.1150049" date="9-23-2022" component="SCClient" context="" type="1" thread="1" file="">
<![LOG[Executing WMI query: Select * From CCM_Application WHERE EvaluationState != 2 AND UserUIExperience = TRUE 	 (Microsoft.SoftwareCenter.Client.Data.WmiConnectionManager at ExecuteQuery)]LOG]!><time="07:12:53.1150049" date="9-23-2022" component="SCClient" context="" type="0" thread="1" file="">
<![LOG[Found application CCM_Application.Id="ScopeId_222DED9A-69E5-4DB8-9CFC-3A2E4090A42D/Application_97b78a03-0fec-4fa6-8d5c-ab60972b23f0",IsMachineTarget=TRUE,Revision="2" 	 (Microsoft.SoftwareCenter.Client.Data.WmiDataConnector at GetAllApplicationsWithType)]LOG]!><time="07:12:53.1604832" date="9-23-2022" component="SCClient" context="" type="0" thread="1" file="">
<![LOG[Converting WMI object to application data. 	 (Microsoft.SoftwareCenter.Client.Data.WmiConverter at ConvertToApplication)]LOG]!><time="07:12:53.1614823" date="9-23-2022" component="SCClient" context="" type="1" thread="1" file="">
<![LOG[Executing WMI query: select * from CCM_RequestedAppPolicy where AppId="ScopeId_222DED9A-69E5-4DB8-9CFC-3A2E4090A42D/Application_97b78a03-0fec-4fa6-8d5c-ab60972b23f0" 	 (Microsoft.SoftwareCenter.Client.Data.WmiConnectionManager at ExecuteQuery)]LOG]!><time="07:12:53.1674660" date="9-23-2022" component="SCClient" context="" type="0" thread="1" file="">
<![LOG[SCNotification found no pending reboots to raise notifications for. 	 (Microsoft.SoftwareCenter.Client.Notification.SingleInstanceApplication at SetRebootState)]LOG]!><time="07:12:53.1896148" date="9-23-2022" component="SCClient" context="" type="1" thread="1" file="">
<![LOG[SCNotification found no pending changes to raise notifications for. 	 (Microsoft.SoftwareCenter.Client.Notification.SingleInstanceApplication at SetRequiredAndOptionalNotificationState)]LOG]!><time="07:12:53.1936055" date="9-23-2022" component="SCClient" context="" type="1" thread="1" file="">
<![LOG[The notification process received a setting change notification 	 (Microsoft.SoftwareCenter.Client.Notification.SingleInstanceApplication at OnUserPreferenceChanged)]LOG]!><time="07:15:10.7011839" date="9-23-2022" component="SCClient" context="" type="1" thread="1" file="">
<![LOG[The notification process received a setting change notification 	 (Microsoft.SoftwareCenter.Client.Notification.SingleInstanceApplication at OnUserPreferenceChanged)]LOG]!><time="07:15:11.5003315" date="9-23-2022" component="SCClient" context="" type="1" thread="1" file="">
<![LOG[Exiting... 	 (Microsoft.SoftwareCenter.Client.Notification.SingleInstanceApplication at OnExit)]LOG]!><time="07:25:01.5497731" date="9-23-2022" component="SCClient" context="" type="1" thread="1" file="">
